<?xml version="1.0" encoding="UTF-8"?>
<!-- Generated by org.testng.reporters.JUnitXMLReporter -->
<testsuite ignored="0" hostname="LAPTOP-5D910IHV" failures="0" tests="0" name="Default test" time="0.589" errors="0" timestamp="2024-11-23T11:30:22 AWST">
  <testcase classname="io.cucumber.testng.AbstractTestNGCucumberTests" name="@BeforeClass setUpClass" time="0.531">
    <failure type="io.cucumber.core.gherkin.FeatureParserException" message="Failed to parse resource at: file:///C:/Users/user/eclipse-workspace/Cucumber_Project/src/test/resources/Features/Sumit2.feature
(3:3): expected: #TagLine, #FeatureLine, #Comment, #Empty, got &amp;apos;Scenario Outline: Check login is successful with valid creds&amp;apos;
(4:5): expected: #TagLine, #FeatureLine, #Comment, #Empty, got &amp;apos;Given user is on login page&amp;apos;
(5:5): expected: #TagLine, #FeatureLine, #Comment, #Empty, got &amp;apos;When user enters valid &amp;quot;&amp;lt;username&amp;gt;&amp;quot; and &amp;quot;&amp;lt;password&amp;gt;&amp;quot;&amp;apos;
(6:5): expected: #TagLine, #FeatureLine, #Comment, #Empty, got &amp;apos;And Click on login Button&amp;apos;
(7:5): expected: #TagLine, #FeatureLine, #Comment, #Empty, got &amp;apos;Then User is navigated to Home Page&amp;apos;
(8:5): expected: #TagLine, #FeatureLine, #Comment, #Empty, got &amp;apos;And close the browser&amp;apos;
(10:5): expected: #TagLine, #FeatureLine, #Comment, #Empty, got &amp;apos;Examples:&amp;apos;
(11:5): expected: #TagLine, #FeatureLine, #Comment, #Empty, got &amp;apos;| username | password |&amp;apos;
(12:5): expected: #TagLine, #FeatureLine, #Comment, #Empty, got &amp;apos;| locked_out_user | secret_sauce |&amp;apos;
(13:5): expected: #TagLine, #FeatureLine, #Comment, #Empty, got &amp;apos;| problem_user |  secret_sauce |&amp;apos;
(14:5): expected: #TagLine, #FeatureLine, #Comment, #Empty, got &amp;apos;| standard_user |  secret_sauce |&amp;apos;">
      <![CDATA[io.cucumber.core.gherkin.FeatureParserException: Failed to parse resource at: file:///C:/Users/user/eclipse-workspace/Cucumber_Project/src/test/resources/Features/Sumit2.feature
(3:3): expected: #TagLine, #FeatureLine, #Comment, #Empty, got 'Scenario Outline: Check login is successful with valid creds'
(4:5): expected: #TagLine, #FeatureLine, #Comment, #Empty, got 'Given user is on login page'
(5:5): expected: #TagLine, #FeatureLine, #Comment, #Empty, got 'When user enters valid "<username>" and "<password>"'
(6:5): expected: #TagLine, #FeatureLine, #Comment, #Empty, got 'And Click on login Button'
(7:5): expected: #TagLine, #FeatureLine, #Comment, #Empty, got 'Then User is navigated to Home Page'
(8:5): expected: #TagLine, #FeatureLine, #Comment, #Empty, got 'And close the browser'
(10:5): expected: #TagLine, #FeatureLine, #Comment, #Empty, got 'Examples:'
(11:5): expected: #TagLine, #FeatureLine, #Comment, #Empty, got '| username | password |'
(12:5): expected: #TagLine, #FeatureLine, #Comment, #Empty, got '| locked_out_user | secret_sauce |'
(13:5): expected: #TagLine, #FeatureLine, #Comment, #Empty, got '| problem_user |  secret_sauce |'
(14:5): expected: #TagLine, #FeatureLine, #Comment, #Empty, got '| standard_user |  secret_sauce |'
at io.cucumber.core.gherkin.messages.GherkinMessagesFeatureParser.parse(GherkinMessagesFeatureParser.java:56)
at io.cucumber.core.feature.FeatureParser.parseResource(FeatureParser.java:46)
at java.base/java.util.function.BiFunction.lambda$andThen$0(BiFunction.java:70)
at io.cucumber.core.resource.ResourceScanner.lambda$processResource$1(ResourceScanner.java:79)
at io.cucumber.core.resource.PathScanner$ResourceFileVisitor.visitFile(PathScanner.java:75)
at io.cucumber.core.resource.PathScanner$ResourceFileVisitor.visitFile(PathScanner.java:60)
at java.base/java.nio.file.Files.walkFileTree(Files.java:2786)
at io.cucumber.core.resource.PathScanner.findResourcesForPath(PathScanner.java:53)
at io.cucumber.core.resource.PathScanner.findResourcesForUri(PathScanner.java:31)
at io.cucumber.core.resource.ResourceScanner.findResourcesForUri(ResourceScanner.java:61)
at io.cucumber.core.resource.ResourceScanner.scanForResourcesUri(ResourceScanner.java:134)
at io.cucumber.core.runtime.FeaturePathFeatureSupplier.loadFeatures(FeaturePathFeatureSupplier.java:62)
at io.cucumber.core.runtime.FeaturePathFeatureSupplier.get(FeaturePathFeatureSupplier.java:45)
at io.cucumber.testng.TestNGCucumberRunner.<init>(TestNGCucumberRunner.java:122)
at io.cucumber.testng.AbstractTestNGCucumberTests.setUpClass(AbstractTestNGCucumberTests.java:27)
at java.base/jdk.internal.reflect.DirectMethodHandleAccessor.invoke(DirectMethodHandleAccessor.java:103)
at java.base/java.lang.reflect.Method.invoke(Method.java:580)
at org.testng.internal.invokers.MethodInvocationHelper.invokeMethod(MethodInvocationHelper.java:141)
at org.testng.internal.invokers.MethodInvocationHelper.invokeMethodConsideringTimeout(MethodInvocationHelper.java:71)
at org.testng.internal.invokers.ConfigInvoker.invokeConfigurationMethod(ConfigInvoker.java:400)
at org.testng.internal.invokers.ConfigInvoker.invokeConfigurations(ConfigInvoker.java:333)
at org.testng.internal.invokers.TestMethodWorker.invokeBeforeClassMethods(TestMethodWorker.java:188)
at org.testng.internal.invokers.TestMethodWorker.run(TestMethodWorker.java:128)
at java.base/java.util.ArrayList.forEach(ArrayList.java:1596)
at org.testng.TestRunner.privateRun(TestRunner.java:739)
at org.testng.TestRunner.run(TestRunner.java:614)
at org.testng.SuiteRunner.runTest(SuiteRunner.java:421)
at org.testng.SuiteRunner.runSequentially(SuiteRunner.java:413)
at org.testng.SuiteRunner.privateRun(SuiteRunner.java:373)
at org.testng.SuiteRunner.run(SuiteRunner.java:312)
at org.testng.SuiteRunnerWorker.runSuite(SuiteRunnerWorker.java:52)
at org.testng.SuiteRunnerWorker.run(SuiteRunnerWorker.java:95)
at org.testng.TestNG.runSuitesSequentially(TestNG.java:1274)
at org.testng.TestNG.runSuitesLocally(TestNG.java:1208)
at org.testng.TestNG.runSuites(TestNG.java:1112)
at org.testng.TestNG.run(TestNG.java:1079)
at org.testng.remote.AbstractRemoteTestNG.run(AbstractRemoteTestNG.java:115)
at org.testng.remote.RemoteTestNG.initAndRun(RemoteTestNG.java:293)
at org.testng.remote.RemoteTestNG.main(RemoteTestNG.java:91)
]]>
    </failure>
  </testcase> <!-- @BeforeClass setUpClass -->
</testsuite> <!-- Default test -->
